\BOOKMARK [1][-]{section.1}{Introduction}{}% 1
\BOOKMARK [1][-]{section.2}{Related Work}{}% 2
\BOOKMARK [2][-]{subsection.2.1}{Federated SPARQL Queries}{section.2}% 3
\BOOKMARK [2][-]{subsection.2.2}{Dataset Overlap Estimation}{section.2}% 4
\BOOKMARK [1][-]{section.3}{Notation}{}% 5
\BOOKMARK [1][-]{section.4}{Duplicate-aware Federated Query Processing }{}% 6
\BOOKMARK [2][-]{subsection.4.1}{Overview}{section.4}% 7
\BOOKMARK [2][-]{subsection.4.2}{Service Description Directory}{section.4}% 8
\BOOKMARK [2][-]{subsection.4.3}{Min-Wise Independent Permutations}{section.4}% 9
\BOOKMARK [2][-]{subsection.4.4}{Source Selection}{section.4}% 10
\BOOKMARK [2][-]{subsection.4.5}{Source Ranking}{section.4}% 11
\BOOKMARK [3][-]{subsubsection.4.5.1}{Triple Pattern Source Ranking}{subsection.4.5}% 12
\BOOKMARK [3][-]{subsubsection.4.5.2}{Join Source Ranking}{subsection.4.5}% 13
\BOOKMARK [2][-]{subsection.4.6}{Sub-query generation}{section.4}% 14
\BOOKMARK [1][-]{section.5}{Experiments and Results}{}% 15
\BOOKMARK [2][-]{subsection.5.1}{Experimental Setup}{section.5}% 16
\BOOKMARK [3][-]{subsubsection.5.1.1}{Datasets}{subsection.5.1}% 17
\BOOKMARK [3][-]{subsubsection.5.1.2}{Queries}{subsection.5.1}% 18
\BOOKMARK [3][-]{subsubsection.5.1.3}{Metrics}{subsection.5.1}% 19
\BOOKMARK [2][-]{subsection.5.2}{Results}{section.5}% 20
\BOOKMARK [3][-]{subsubsection.5.2.1}{Result Set Estimation and Ranking}{subsection.5.2}% 21
\BOOKMARK [3][-]{subsubsection.5.2.2}{Recall and Runtime}{subsection.5.2}% 22
\BOOKMARK [1][-]{section.6}{Conclusion and Future Work}{}% 23
\BOOKMARK [1][-]{section.7}{References}{}% 24
